{
  "RSpec": {
    "coverage": {
      "/Users/timothyallen/turing/4module/projects/BE-GetSwole/app/helpers/application_helper.rb": [
        1,
        null
      ],
      "/Users/timothyallen/turing/4module/projects/BE-GetSwole/app/models/routine.rb": [
        1,
        null
      ],
      "/Users/timothyallen/turing/4module/projects/BE-GetSwole/app/models/application_record.rb": [
        1,
        1,
        null
      ],
      "/Users/timothyallen/turing/4module/projects/BE-GetSwole/app/models/user.rb": [
        1,
        null
      ],
      "/Users/timothyallen/turing/4module/projects/BE-GetSwole/app/mailers/application_mailer.rb": [
        0,
        0,
        0,
        0
      ],
      "/Users/timothyallen/turing/4module/projects/BE-GetSwole/app/jobs/application_job.rb": [
        0,
        0
      ],
      "/Users/timothyallen/turing/4module/projects/BE-GetSwole/app/controllers/application_controller.rb": [
        0,
        0
      ],
      "/Users/timothyallen/turing/4module/projects/BE-GetSwole/app/channels/application_cable/connection.rb": [
        0,
        0,
        0,
        0
      ],
      "/Users/timothyallen/turing/4module/projects/BE-GetSwole/app/channels/application_cable/channel.rb": [
        0,
        0,
        0,
        0
      ]
    },
    "timestamp": 1558391722
  }
}
